<?xml version="1.0" encoding="UTF-8"?>
<!-- Generated by org.testng.reporters.JUnitXMLReporter -->
<testsuite ignored="0" hostname="DESKTOP-IJK0I6N" failures="0" tests="5" name="1.LoginPageTest" time="24.784" errors="0" timestamp="2022-06-28T15:30:35 AEST">
  <testcase classname="continuousTesting.LoginPage" name="openBrowser" time="4.766"/>
  <testcase classname="continuousTesting.LoginPage" name="openUrl" time="8.67"/>
  <testcase classname="continuousTesting.LoginPage" name="closingModel" time="2.286"/>
  <testcase classname="continuousTesting.LoginPage" name="openingOptions" time="4.741"/>
  <testcase classname="continuousTesting.LoginPage" name="close" time="4.242"/>
</testsuite> <!-- 1.LoginPageTest -->
