<?xml version="1.0" encoding="UTF-8"?>
<!-- Generated by org.testng.reporters.JUnitXMLReporter -->
<testsuite ignored="0" hostname="DESKTOP-IJK0I6N" failures="0" tests="5" name="1.LoginPageTest" time="32.338" errors="0" timestamp="2022-06-20T20:13:43 AEST">
  <testcase classname="continuousTesting.LoginPage" name="openBrowser" time="3.856"/>
  <testcase classname="continuousTesting.LoginPage" name="openUrl" time="16.735"/>
  <testcase classname="continuousTesting.LoginPage" name="closingModel" time="2.575"/>
  <testcase classname="continuousTesting.LoginPage" name="openingOptions" time="4.829"/>
  <testcase classname="continuousTesting.LoginPage" name="close" time="4.226"/>
</testsuite> <!-- 1.LoginPageTest -->
