<?xml version="1.0" encoding="UTF-8"?>
<!-- Generated by org.testng.reporters.JUnitXMLReporter -->
<testsuite ignored="0" hostname="DESKTOP-IJK0I6N" failures="0" tests="6" name="2.PriceSliderTest" time="57.059" errors="0" timestamp="2022-06-20T20:14:40 AEST">
  <testcase classname="continuousTesting.PriceSlider" name="openBrowser" time="1.809"/>
  <testcase classname="continuousTesting.PriceSlider" name="openUrl" time="42.077"/>
  <testcase classname="continuousTesting.PriceSlider" name="closingModel" time="2.293"/>
  <testcase classname="continuousTesting.PriceSlider" name="openingOptions" time="4.31"/>
  <testcase classname="continuousTesting.PriceSlider" name="priceSlider" time="2.361"/>
  <testcase classname="continuousTesting.PriceSlider" name="close" time="4.187"/>
</testsuite> <!-- 2.PriceSliderTest -->
