<?xml version="1.0" encoding="UTF-8"?>
<!-- Generated by org.testng.reporters.JUnitXMLReporter -->
<testsuite ignored="0" hostname="DESKTOP-IJK0I6N" failures="0" tests="8" name="3.RedmiTest" time="41.534" errors="0" timestamp="2022-06-20T20:15:22 AEST">
  <testcase classname="continuousTesting.RedmiTest" name="openBrowser" time="1.856"/>
  <testcase classname="continuousTesting.RedmiTest" name="openUrl" time="16.104"/>
  <testcase classname="continuousTesting.RedmiTest" name="closingModel" time="2.248"/>
  <testcase classname="continuousTesting.RedmiTest" name="openingOptions" time="4.356"/>
  <testcase classname="continuousTesting.RedmiTest" name="priceSlider" time="2.343"/>
  <testcase classname="continuousTesting.RedmiTest" name="redmiPage" time="2.433"/>
  <testcase classname="continuousTesting.RedmiTest" name="clickOnVideo" time="11.247"/>
  <testcase classname="continuousTesting.RedmiTest" name="close" time="0.931"/>
</testsuite> <!-- 3.RedmiTest -->
