<?xml version="1.0" encoding="UTF-8"?>
<!-- Generated by org.testng.reporters.JUnitXMLReporter -->
<testsuite ignored="0" hostname="DESKTOP-IJK0I6N" failures="0" tests="5" name="Default test" time="32.903" errors="0" timestamp="2022-06-17T19:51:04 AEST">
  <testcase classname="continuousTesting.LoginPage" name="openBrowser" time="3.057"/>
  <testcase classname="continuousTesting.LoginPage" name="openUrl" time="22.104"/>
  <testcase classname="continuousTesting.LoginPage" name="closingModel" time="2.329"/>
  <testcase classname="continuousTesting.LoginPage" name="openingOptions" time="4.322"/>
  <testcase classname="continuousTesting.LoginPage" name="close" time="1.005"/>
</testsuite> <!-- Default test -->
