<?xml version="1.0" encoding="UTF-8"?>
<testng-results ignored="0" total="5" passed="5" failed="0" skipped="0">
  <reporter-output>
  </reporter-output>
  <suite started-at="2022-06-17T19:50:31 AEST" name="Default suite" finished-at="2022-06-17T19:51:04 AEST" duration-ms="32903">
    <groups>
    </groups>
    <test started-at="2022-06-17T19:50:31 AEST" name="Default test" finished-at="2022-06-17T19:51:04 AEST" duration-ms="32903">
      <class name="continuousTesting.LoginPage">
        <test-method signature="openBrowser()[pri:0, instance:continuousTesting.LoginPage@503d687a]" started-at="2022-06-17T19:50:31 AEST" name="openBrowser" finished-at="2022-06-17T19:50:34 AEST" duration-ms="3057" status="PASS">
          <reporter-output>
          </reporter-output>
        </test-method> <!-- openBrowser -->
        <test-method signature="openUrl()[pri:1, instance:continuousTesting.LoginPage@503d687a]" started-at="2022-06-17T19:50:34 AEST" name="openUrl" finished-at="2022-06-17T19:50:56 AEST" duration-ms="22104" status="PASS">
          <reporter-output>
          </reporter-output>
        </test-method> <!-- openUrl -->
        <test-method signature="closingModel()[pri:3, instance:continuousTesting.LoginPage@503d687a]" started-at="2022-06-17T19:50:56 AEST" name="closingModel" finished-at="2022-06-17T19:50:58 AEST" duration-ms="2329" status="PASS">
          <reporter-output>
          </reporter-output>
        </test-method> <!-- closingModel -->
        <test-method signature="openingOptions()[pri:4, instance:continuousTesting.LoginPage@503d687a]" started-at="2022-06-17T19:50:58 AEST" name="openingOptions" finished-at="2022-06-17T19:51:03 AEST" duration-ms="4322" status="PASS">
          <reporter-output>
          </reporter-output>
        </test-method> <!-- openingOptions -->
        <test-method signature="close()[pri:6, instance:continuousTesting.LoginPage@503d687a]" started-at="2022-06-17T19:51:03 AEST" name="close" finished-at="2022-06-17T19:51:04 AEST" duration-ms="1005" status="PASS">
          <reporter-output>
          </reporter-output>
        </test-method> <!-- close -->
      </class> <!-- continuousTesting.LoginPage -->
    </test> <!-- Default test -->
  </suite> <!-- Default suite -->
</testng-results>
